WARNING:EDK:878 - Could not find IP doc
   http://www.xilinx.com/cgi-bin/docs/ipdoc?c=axi_interconnect;v=v1_06_a;d=ds768
   _axi_interconnect.pdf
WARNING:EDK:878 - Could not find IP doc
   http://www.xilinx.com/cgi-bin/docs/ipdoc?c=axi_gpio;v=v1_01_b;d=ds744_axi_gpi
   o.pdf
WARNING:EDK:878 - Could not find IP doc
   http://www.xilinx.com/cgi-bin/docs/ipdoc?c=axi_gpio;v=v1_01_b;d=ds744_axi_gpi
   o.pdf
Generated Block Diagram.
Rasterizing processing_system7_0.jpg.....
Rasterizing hdmi_rx_0.jpg.....
Rasterizing axi4lite_0.jpg.....
Rasterizing SWs_4Bits.jpg.....
Rasterizing BTNs_4Bits.jpg.....
Rasterizing axi_linearfilter_0.jpg.....
Rasterizing axi_color_space_0.jpg.....
Rasterizing util_bus_split_0.jpg.....
Rasterizing util_bus_split_1.jpg.....
Rasterizing util_bus_split_2.jpg.....
Rasterizing system_blkd.jpg.....
Report generated.
Report generation completed.
