
----------------------------------------------------------------------------
--                            Design Analysis                             --
----------------------------------------------------------------------------
Analyze pcore axi_vga ...


----------------------------------------------------------------------------
--                            Design Analysis                             --
----------------------------------------------------------------------------
Analyze pcore axi_vga ...


----------------------------------------------------------------------------
--                            File Generation                             --
----------------------------------------------------------------------------
Creating HDL source directory ...
Generating top peripheral VHDL template ...
Generating stub user logic VHDL template ...
HDL templates successfully generated ...
Creating data directory ...
Generating XPS inteface files ...
Compiling vhdl file
"C:/Xilinx/14.6/ISE_DS/EDK/hw/XilinxProcessorIPLib/pcores/proc_common_v3_00_a/hd
l/vhdl/proc_common_pkg.vhd" in Library proc_common_v3_00_a.
Package <proc_common_pkg> compiled.
Package body <proc_common_pkg> compiled.
Compiling vhdl file
"C:/Xilinx/14.6/ISE_DS/EDK/hw/XilinxProcessorIPLib/pcores/proc_common_v3_00_a/hd
l/vhdl/family_support.vhd" in Library proc_common_v3_00_a.
Package <family_support> compiled.
Package body <family_support> compiled.
Compiling vhdl file
"C:/Xilinx/14.6/ISE_DS/EDK/hw/XilinxProcessorIPLib/pcores/proc_common_v3_00_a/hd
l/vhdl/or_muxcy.vhd" in Library proc_common_v3_00_a.
Entity <or_muxcy> compiled.
Entity <or_muxcy> (Architecture <implementation>) compiled.
Compiling vhdl file
"C:/Xilinx/14.6/ISE_DS/EDK/hw/XilinxProcessorIPLib/pcores/proc_common_v3_00_a/hd
l/vhdl/or_gate128.vhd" in Library proc_common_v3_00_a.
Entity <or_gate128> compiled.
Entity <or_gate128> (Architecture <imp>) compiled.
Compiling vhdl file
"C:/Xilinx/14.6/ISE_DS/EDK/hw/XilinxProcessorIPLib/pcores/proc_common_v3_00_a/hd
l/vhdl/counter_f.vhd" in Library proc_common_v3_00_a.
Entity <counter_f> compiled.
Entity <counter_f> (Architecture <imp>) compiled.
Compiling vhdl file
"C:/Xilinx/14.6/ISE_DS/EDK/hw/XilinxProcessorIPLib/pcores/proc_common_v3_00_a/hd
l/vhdl/pselect_f.vhd" in Library proc_common_v3_00_a.
Entity <pselect_f> compiled.
Entity <pselect_f> (Architecture <imp>) compiled.
Compiling vhdl file
"C:/Xilinx/14.6/ISE_DS/EDK/hw/XilinxProcessorIPLib/pcores/proc_common_v3_00_a/hd
l/vhdl/ipif_pkg.vhd" in Library proc_common_v3_00_a.
Package <ipif_pkg> compiled.
Package body <ipif_pkg> compiled.
Compiling vhdl file
"C:/Xilinx/14.6/ISE_DS/EDK/hw/XilinxProcessorIPLib/pcores/axi_lite_ipif_v1_01_a/
hdl/vhdl/address_decoder.vhd" in Library axi_lite_ipif_v1_01_a.
Entity <address_decoder> compiled.
Entity <address_decoder> (Architecture <IMP>) compiled.
Compiling vhdl file
"C:/Xilinx/14.6/ISE_DS/EDK/hw/XilinxProcessorIPLib/pcores/axi_lite_ipif_v1_01_a/
hdl/vhdl/slave_attachment.vhd" in Library axi_lite_ipif_v1_01_a.
Entity <slave_attachment> compiled.
Entity <slave_attachment> (Architecture <imp>) compiled.
Compiling vhdl file
"C:/Xilinx/14.6/ISE_DS/EDK/hw/XilinxProcessorIPLib/pcores/axi_lite_ipif_v1_01_a/
hdl/vhdl/axi_lite_ipif.vhd" in Library axi_lite_ipif_v1_01_a.
Entity <axi_lite_ipif> compiled.
Entity <axi_lite_ipif> (Architecture <imp>) compiled.
Compiling vhdl file
"C:/sam_work/EDK_projects/ZyBo_Verification/pcores/axi_vga_v1_00_a/data/../hdl/v
hdl/user_logic.vhd" in Library axi_vga_v1_00_a.
Entity <user_logic> compiled.
Entity <user_logic> (Architecture <IMP>) compiled.
Compiling vhdl file
"C:/sam_work/EDK_projects/ZyBo_Verification/pcores/axi_vga_v1_00_a/data/../hdl/v
hdl/axi_vga.vhd" in Library axi_vga_v1_00_a.
Entity <axi_vga> compiled.
Entity <axi_vga> (Architecture <IMP>) compiled.


Analyzing HDL attributes ...
Entity name = axi_vga
INFO:EDK:1607 - IPTYPE set to value : PERIPHERAL
INFO:EDK:1511 - IMP_NETLIST set to value : TRUE
INFO:EDK:1486 - HDL set to value : VHDL
WARNING:EDK:3588 - Unable to delete temporary XST project file
   C:\sam_work\EDK_projects\ZyBo_Verification\pcores\axi_vga_v1_00_a\data\_axi_v
   ga_xst.prj : 13
XPS interface files successfully generated ...
Creating development directory ...
Generating command option file ...
Generating readme file ...
Development misc files successfully generated ...
No ProjNavigator support files will be generated at this time ...
No XST synthesis support files will be generated at this time ...
No BFM simulation files will be generated at this time ...
No software driver files will be generated at this time ...

----------------------------------------------------------------------------
--                              Final Report                              --
----------------------------------------------------------------------------
Thank you for using Create and Import Peripheral Wizard! Please find your
peripheral hardware templates under
C:\sam_work\EDK_projects\ZyBo_Verification/pcores/axi_vga_v1_00_a.

Peripheral Summary:

  top name       : axi_vga
  version        : 1.00.a
  type           : AXI4LITE slave
  features       : slave attachment
                   user s/w registers

Address Block Summary:

  user logic slv : C_BASEADDR + 0x00000000
                 : C_BASEADDR + 0x000000FF

File Summary

  - HDL source -
  C:\sam_work\EDK_projects\ZyBo_Verification/pcores/axi_vga_v1_00_a/hdl
  top entity     : vhdl/axi_vga.vhd
  user logic     : vhdl/user_logic.vhd

  - XPS interface -
  C:\sam_work\EDK_projects\ZyBo_Verification/pcores/axi_vga_v1_00_a/data
  mpd            : axi_vga_v2_1_0.mpd
  pao            : axi_vga_v2_1_0.pao

  - Misc file -
  C:\sam_work\EDK_projects\ZyBo_Verification/pcores/axi_vga_v1_00_a/devl
  help           : README.txt
  option         : ipwiz.opt
  log            : ipwiz.log


